[{"line":3,"elements":[{"start_timestamp":"2023-08-04T10:57:59.957Z","before":[{"result":{"duration":9424000000,"status":"passed"},"match":{"location":"com.omrbranch.stepdefinition.HooksClass.beforeScenario()"}}],"line":14,"name":"Enter all field and verify select hotel success message","description":"","id":"verifying-omr-branch-hotel-explore;enter-all-field-and-verify-select-hotel-success-message;;2","after":[{"result":{"duration":397000000,"status":"passed"},"match":{"location":"com.omrbranch.stepdefinition.HooksClass.afterScenario()"}}],"type":"scenario","keyword":"Scenario Outline","steps":[{"result":{"status":"passed"},"line":6,"name":"User is on the OMRBranch Hotel page","match":{"location":"com.omrbranch.stepdefinition.TC1_LoginStep.userIsOnTheOMRBranchHotelPage()"},"keyword":"Given "},{"result":{"duration":856000000,"status":"passed"},"line":7,"name":"User login \"boopathy2228@gmail.com\" and \"Unlucky@28\"","match":{"arguments":[{"val":"\"boopathy2228@gmail.com\"","offset":11},{"val":"\"Unlucky@28\"","offset":40}],"location":"com.omrbranch.stepdefinition.TC1_LoginStep.userLoginAnd(java.lang.String,java.lang.String)"},"keyword":"When "},{"result":{"duration":4376000000,"status":"passed"},"line":8,"name":"User should verify the success message after login \"Welcome Boopathy\"","match":{"arguments":[{"val":"\"Welcome Boopathy\"","offset":51}],"location":"com.omrbranch.stepdefinition.CommonStep.userShouldVerifyTheSuccessMessageAfterLogin(java.lang.String)"},"keyword":"Then "},{"result":{"error_message":"java.lang.Error: Unresolved compilation problem: \n\tUnhandled exception type InterruptedException\n\r\n\tat com.omrbranch.stepdefinition.TC2_ExploreStep.userEnterTheAnd(TC2_ExploreStep.java:19)\r\n\tat ✽.User enter the \"Tamil Nadu\",\"Chennai\",\"Standard\",\"2023-08-30\",\"2023-08-31\",\"3-Three\",\"5-Five\" and \"2\"(file:///C:/Users/Hp/eclipse-workspace/OMRBranchHotelAutomation/src/test/resources/Features/TC2_ExploreHotel.feature:9)\r\n","duration":8000000,"status":"failed"},"line":9,"name":"User enter the \"Tamil Nadu\",\"Chennai\",\"Standard\",\"2023-08-30\",\"2023-08-31\",\"3-Three\",\"5-Five\" and \"2\"","match":{"arguments":[{"val":"\"Tamil Nadu\"","offset":15},{"val":"\"Chennai\"","offset":28},{"val":"\"Standard\"","offset":38},{"val":"\"2023-08-30\"","offset":49},{"val":"\"2023-08-31\"","offset":62},{"val":"\"3-Three\"","offset":75},{"val":"\"5-Five\"","offset":85},{"val":"\"2\"","offset":98}],"location":"com.omrbranch.stepdefinition.TC2_ExploreStep.userEnterTheAnd(java.lang.String,java.lang.String,java.lang.String,java.lang.String,java.lang.String,java.lang.String,java.lang.String,java.lang.String)"},"keyword":"When "},{"result":{"status":"skipped"},"line":10,"name":"User should verify the success message after search hotel \"Select Hotel\"","match":{"arguments":[{"val":"\"Select Hotel\"","offset":58}],"location":"com.omrbranch.stepdefinition.CommonStep.userShouldVerifyTheSuccessMessageAfterSearchHotel(java.lang.String)"},"keyword":"Then "}],"tags":[{"name":"@explore"}]},{"start_timestamp":"2023-08-04T10:58:15.152Z","before":[{"result":{"duration":5294000000,"status":"passed"},"match":{"location":"com.omrbranch.stepdefinition.HooksClass.beforeScenario()"}}],"line":25,"name":"Enter only mandatory fields and verify select hotel success message","description":"","id":"verifying-omr-branch-hotel-explore;enter-only-mandatory-fields-and-verify-select-hotel-success-message;;2","after":[{"result":{"duration":359000000,"status":"passed"},"match":{"location":"com.omrbranch.stepdefinition.HooksClass.afterScenario()"}}],"type":"scenario","keyword":"Scenario Outline","steps":[{"result":{"status":"passed"},"line":17,"name":"User is on the OMRBranch Hotel page","match":{"location":"com.omrbranch.stepdefinition.TC1_LoginStep.userIsOnTheOMRBranchHotelPage()"},"keyword":"Given "},{"result":{"duration":703000000,"status":"passed"},"line":18,"name":"User login using keyboard actions \"boopathy2228@gmail.com\" and \"Unlucky@28\"","match":{"arguments":[{"val":"\"boopathy2228@gmail.com\"","offset":34},{"val":"\"Unlucky@28\"","offset":63}],"location":"com.omrbranch.stepdefinition.TC1_LoginStep.userLoginUsingKeyboardActionsAnd(java.lang.String,java.lang.String)"},"keyword":"When "},{"result":{"duration":5399000000,"status":"passed"},"line":19,"name":"User should verify the success message after login \"Welcome Boopathy\"","match":{"arguments":[{"val":"\"Welcome Boopathy\"","offset":51}],"location":"com.omrbranch.stepdefinition.CommonStep.userShouldVerifyTheSuccessMessageAfterLogin(java.lang.String)"},"keyword":"Then "},{"result":{"error_message":"org.openqa.selenium.StaleElementReferenceException: stale element reference: stale element not found\n  (Session info: chrome=115.0.5790.111)\nFor documentation on this error, please visit: https://www.selenium.dev/documentation/webdriver/troubleshooting/errors#stale-element-reference-exception\nBuild info: version: '4.10.0', revision: 'c14d967899'\nSystem info: os.name: 'Windows 10', os.arch: 'amd64', os.version: '10.0', java.version: '1.8.0_202'\nDriver info: org.openqa.selenium.chrome.ChromeDriver\nCommand: [d51a0c70b5295708f5380cc3535e2069, isElementDisplayed {id=B9C44D291B554A078904CB73077957CD_element_103}]\nCapabilities {acceptInsecureCerts: false, browserName: chrome, browserVersion: 115.0.5790.111, chrome: {chromedriverVersion: 114.0.5735.90 (386bc09e8f4f..., userDataDir: C:\\Users\\Hp\\AppData\\Local\\T...}, goog:chromeOptions: {debuggerAddress: localhost:63579}, networkConnectionEnabled: false, pageLoadStrategy: normal, platformName: windows, proxy: Proxy(), se:cdp: ws://localhost:63579/devtoo..., se:cdpVersion: 115.0.5790.111, setWindowRect: true, strictFileInteractability: false, timeouts: {implicit: 0, pageLoad: 300000, script: 30000}, unhandledPromptBehavior: dismiss and notify, webauthn:extension:credBlob: true, webauthn:extension:largeBlob: true, webauthn:extension:minPinLength: true, webauthn:extension:prf: true, webauthn:virtualAuthenticators: true}\nElement: [[ChromeDriver: chrome on windows (d51a0c70b5295708f5380cc3535e2069)] -> id: select2-city-container]\nSession ID: d51a0c70b5295708f5380cc3535e2069\r\n\tat sun.reflect.NativeConstructorAccessorImpl.newInstance0(Native Method)\r\n\tat sun.reflect.NativeConstructorAccessorImpl.newInstance(Unknown Source)\r\n\tat sun.reflect.DelegatingConstructorAccessorImpl.newInstance(Unknown Source)\r\n\tat java.lang.reflect.Constructor.newInstance(Unknown Source)\r\n\tat org.openqa.selenium.remote.codec.w3c.W3CHttpResponseCodec.createException(W3CHttpResponseCodec.java:199)\r\n\tat org.openqa.selenium.remote.codec.w3c.W3CHttpResponseCodec.decode(W3CHttpResponseCodec.java:132)\r\n\tat org.openqa.selenium.remote.codec.w3c.W3CHttpResponseCodec.decode(W3CHttpResponseCodec.java:51)\r\n\tat org.openqa.selenium.remote.HttpCommandExecutor.execute(HttpCommandExecutor.java:191)\r\n\tat org.openqa.selenium.remote.service.DriverCommandExecutor.invokeExecute(DriverCommandExecutor.java:196)\r\n\tat org.openqa.selenium.remote.service.DriverCommandExecutor.execute(DriverCommandExecutor.java:171)\r\n\tat org.openqa.selenium.remote.RemoteWebDriver.execute(RemoteWebDriver.java:531)\r\n\tat org.openqa.selenium.remote.RemoteWebElement.execute(RemoteWebElement.java:242)\r\n\tat org.openqa.selenium.remote.RemoteWebElement.isDisplayed(RemoteWebElement.java:298)\r\n\tat sun.reflect.NativeMethodAccessorImpl.invoke0(Native Method)\r\n\tat sun.reflect.NativeMethodAccessorImpl.invoke(Unknown Source)\r\n\tat sun.reflect.DelegatingMethodAccessorImpl.invoke(Unknown Source)\r\n\tat java.lang.reflect.Method.invoke(Unknown Source)\r\n\tat org.openqa.selenium.support.pagefactory.internal.LocatingElementHandler.invoke(LocatingElementHandler.java:51)\r\n\tat com.sun.proxy.$Proxy22.isDisplayed(Unknown Source)\r\n\tat org.openqa.selenium.support.ui.ExpectedConditions.elementIfVisible(ExpectedConditions.java:304)\r\n\tat org.openqa.selenium.support.ui.ExpectedConditions.access$000(ExpectedConditions.java:37)\r\n\tat org.openqa.selenium.support.ui.ExpectedConditions$10.apply(ExpectedConditions.java:290)\r\n\tat org.openqa.selenium.support.ui.ExpectedConditions$10.apply(ExpectedConditions.java:287)\r\n\tat org.openqa.selenium.support.ui.FluentWait.until(FluentWait.java:205)\r\n\tat com.omrbranch.base.BaseClass.visibilityOf(BaseClass.java:64)\r\n\tat com.omrbranch.base.BaseClass.elementClick(BaseClass.java:257)\r\n\tat com.omrbranch.pages.ExplorePage.exploreHotelPageWithMantodary(ExplorePage.java:201)\r\n\tat com.omrbranch.stepdefinition.TC2_ExploreStep.userEnterTheAnd(TC2_ExploreStep.java:27)\r\n\tat ✽.User enter the \"Tamil Nadu\",\"Chennai\",\"2023-08-30\",\"2023-08-31\",\"3-Three\" and \"5-Five\"(file:///C:/Users/Hp/eclipse-workspace/OMRBranchHotelAutomation/src/test/resources/Features/TC2_ExploreHotel.feature:20)\r\n","duration":4051000000,"status":"failed"},"line":20,"name":"User enter the \"Tamil Nadu\",\"Chennai\",\"2023-08-30\",\"2023-08-31\",\"3-Three\" and \"5-Five\"","match":{"arguments":[{"val":"\"Tamil Nadu\"","offset":15},{"val":"\"Chennai\"","offset":28},{"val":"\"2023-08-30\"","offset":38},{"val":"\"2023-08-31\"","offset":51},{"val":"\"3-Three\"","offset":64},{"val":"\"5-Five\"","offset":78}],"location":"com.omrbranch.stepdefinition.TC2_ExploreStep.userEnterTheAnd(java.lang.String,java.lang.String,java.lang.String,java.lang.String,java.lang.String,java.lang.String)"},"keyword":"When "},{"result":{"status":"skipped"},"line":21,"name":"User should verify the success message after search hotel \"Select Hotel\"","match":{"arguments":[{"val":"\"Select Hotel\"","offset":58}],"location":"com.omrbranch.stepdefinition.CommonStep.userShouldVerifyTheSuccessMessageAfterSearchHotel(java.lang.String)"},"keyword":"Then "}],"tags":[{"name":"@explore"}]},{"start_timestamp":"2023-08-04T10:58:30.989Z","before":[{"result":{"duration":5623000000,"status":"passed"},"match":{"location":"com.omrbranch.stepdefinition.HooksClass.beforeScenario()"}}],"line":36,"name":"Without enter any field click search and verify the error message","description":"","id":"verifying-omr-branch-hotel-explore;without-enter-any-field-click-search-and-verify-the-error-message;;2","after":[{"result":{"duration":266000000,"status":"passed"},"match":{"location":"com.omrbranch.stepdefinition.HooksClass.afterScenario()"}}],"type":"scenario","keyword":"Scenario Outline","steps":[{"result":{"status":"passed"},"line":28,"name":"User is on the OMRBranch Hotel page","match":{"location":"com.omrbranch.stepdefinition.TC1_LoginStep.userIsOnTheOMRBranchHotelPage()"},"keyword":"Given "},{"result":{"duration":753000000,"status":"passed"},"line":29,"name":"User login \"boopathy2228@gmail.com\" and \"Unlucky@28\"","match":{"arguments":[{"val":"\"boopathy2228@gmail.com\"","offset":11},{"val":"\"Unlucky@28\"","offset":40}],"location":"com.omrbranch.stepdefinition.TC1_LoginStep.userLoginAnd(java.lang.String,java.lang.String)"},"keyword":"When "},{"result":{"duration":4163000000,"status":"passed"},"line":30,"name":"User should verify the success message after login \"Welcome Boopathy\"","match":{"arguments":[{"val":"\"Welcome Boopathy\"","offset":51}],"location":"com.omrbranch.stepdefinition.CommonStep.userShouldVerifyTheSuccessMessageAfterLogin(java.lang.String)"},"keyword":"Then "},{"result":{"duration":2673000000,"status":"passed"},"line":31,"name":"User not enter the any details to perform search option","match":{"location":"com.omrbranch.stepdefinition.TC2_ExploreStep.userNotEnterTheAnyDetailsToPerformSearchOption()"},"keyword":"When "},{"result":{"error_message":"org.openqa.selenium.TimeoutException: Expected condition failed: waiting for visibility of Proxy element for: DefaultElementLocator 'By.xpath: //div[text()='Please select state']' (tried for 30 second(s) with 500 milliseconds interval)\r\n\tat org.openqa.selenium.support.ui.WebDriverWait.timeoutException(WebDriverWait.java:84)\r\n\tat org.openqa.selenium.support.ui.FluentWait.until(FluentWait.java:230)\r\n\tat com.omrbranch.base.BaseClass.visibilityOf(BaseClass.java:64)\r\n\tat com.omrbranch.base.BaseClass.elementGetText(BaseClass.java:287)\r\n\tat com.omrbranch.pages.ExplorePage.getStateErrorMsg(ExplorePage.java:226)\r\n\tat com.omrbranch.stepdefinition.TC2_ExploreStep.userShouldVerifyTheErrorMessageAfterSearchHotelAnd(TC2_ExploreStep.java:46)\r\n\tat ✽.User should verify the error message after search hotel \"Please select state\",\"Please select city\",\"Please select Check-in date\",\"Please select Check-out date\",\"Please select no. of rooms\" and \"Please select no. of adults\"(file:///C:/Users/Hp/eclipse-workspace/OMRBranchHotelAutomation/src/test/resources/Features/TC2_ExploreHotel.feature:32)\r\nCaused by: org.openqa.selenium.NoSuchElementException: no such element: Unable to locate element: {\"method\":\"xpath\",\"selector\":\"//div[text()='Please select state']\"}\n  (Session info: chrome=115.0.5790.111)\nFor documentation on this error, please visit: https://www.selenium.dev/documentation/webdriver/troubleshooting/errors#no-such-element-exception\nBuild info: version: '4.10.0', revision: 'c14d967899'\nSystem info: os.name: 'Windows 10', os.arch: 'amd64', os.version: '10.0', java.version: '1.8.0_202'\nDriver info: org.openqa.selenium.chrome.ChromeDriver\nCommand: [b953d92a35d1c7412c6c3e3c413b1f74, findElement {using=xpath, value=//div[text()='Please select state']}]\nCapabilities {acceptInsecureCerts: false, browserName: chrome, browserVersion: 115.0.5790.111, chrome: {chromedriverVersion: 114.0.5735.90 (386bc09e8f4f..., userDataDir: C:\\Users\\Hp\\AppData\\Local\\T...}, goog:chromeOptions: {debuggerAddress: localhost:63615}, networkConnectionEnabled: false, pageLoadStrategy: normal, platformName: windows, proxy: Proxy(), se:cdp: ws://localhost:63615/devtoo..., se:cdpVersion: 115.0.5790.111, setWindowRect: true, strictFileInteractability: false, timeouts: {implicit: 0, pageLoad: 300000, script: 30000}, unhandledPromptBehavior: dismiss and notify, webauthn:extension:credBlob: true, webauthn:extension:largeBlob: true, webauthn:extension:minPinLength: true, webauthn:extension:prf: true, webauthn:virtualAuthenticators: true}\nSession ID: b953d92a35d1c7412c6c3e3c413b1f74\r\n\tat sun.reflect.NativeConstructorAccessorImpl.newInstance0(Native Method)\r\n\tat sun.reflect.NativeConstructorAccessorImpl.newInstance(Unknown Source)\r\n\tat sun.reflect.DelegatingConstructorAccessorImpl.newInstance(Unknown Source)\r\n\tat java.lang.reflect.Constructor.newInstance(Unknown Source)\r\n\tat org.openqa.selenium.remote.codec.w3c.W3CHttpResponseCodec.createException(W3CHttpResponseCodec.java:199)\r\n\tat org.openqa.selenium.remote.codec.w3c.W3CHttpResponseCodec.decode(W3CHttpResponseCodec.java:132)\r\n\tat org.openqa.selenium.remote.codec.w3c.W3CHttpResponseCodec.decode(W3CHttpResponseCodec.java:51)\r\n\tat org.openqa.selenium.remote.HttpCommandExecutor.execute(HttpCommandExecutor.java:191)\r\n\tat org.openqa.selenium.remote.service.DriverCommandExecutor.invokeExecute(DriverCommandExecutor.java:196)\r\n\tat org.openqa.selenium.remote.service.DriverCommandExecutor.execute(DriverCommandExecutor.java:171)\r\n\tat org.openqa.selenium.remote.RemoteWebDriver.execute(RemoteWebDriver.java:531)\r\n\tat org.openqa.selenium.remote.ElementLocation$ElementFinder$2.findElement(ElementLocation.java:165)\r\n\tat org.openqa.selenium.remote.ElementLocation.findElement(ElementLocation.java:59)\r\n\tat org.openqa.selenium.remote.RemoteWebDriver.findElement(RemoteWebDriver.java:350)\r\n\tat org.openqa.selenium.remote.RemoteWebDriver.findElement(RemoteWebDriver.java:344)\r\n\tat org.openqa.selenium.support.pagefactory.DefaultElementLocator.findElement(DefaultElementLocator.java:68)\r\n\tat org.openqa.selenium.support.pagefactory.internal.LocatingElementHandler.invoke(LocatingElementHandler.java:38)\r\n\tat com.sun.proxy.$Proxy22.isDisplayed(Unknown Source)\r\n\tat org.openqa.selenium.support.ui.ExpectedConditions.elementIfVisible(ExpectedConditions.java:304)\r\n\tat org.openqa.selenium.support.ui.ExpectedConditions.access$000(ExpectedConditions.java:37)\r\n\tat org.openqa.selenium.support.ui.ExpectedConditions$10.apply(ExpectedConditions.java:290)\r\n\tat org.openqa.selenium.support.ui.ExpectedConditions$10.apply(ExpectedConditions.java:287)\r\n\tat org.openqa.selenium.support.ui.FluentWait.until(FluentWait.java:205)\r\n\tat com.omrbranch.base.BaseClass.visibilityOf(BaseClass.java:64)\r\n\tat com.omrbranch.base.BaseClass.elementGetText(BaseClass.java:287)\r\n\tat com.omrbranch.pages.ExplorePage.getStateErrorMsg(ExplorePage.java:226)\r\n\tat com.omrbranch.stepdefinition.TC2_ExploreStep.userShouldVerifyTheErrorMessageAfterSearchHotelAnd(TC2_ExploreStep.java:46)\r\n\tat sun.reflect.NativeMethodAccessorImpl.invoke0(Native Method)\r\n\tat sun.reflect.NativeMethodAccessorImpl.invoke(Unknown Source)\r\n\tat sun.reflect.DelegatingMethodAccessorImpl.invoke(Unknown Source)\r\n\tat java.lang.reflect.Method.invoke(Unknown Source)\r\n\tat io.cucumber.java.Invoker.doInvoke(Invoker.java:66)\r\n\tat io.cucumber.java.Invoker.invoke(Invoker.java:24)\r\n\tat io.cucumber.java.AbstractGlueDefinition.invokeMethod(AbstractGlueDefinition.java:47)\r\n\tat io.cucumber.java.JavaStepDefinition.execute(JavaStepDefinition.java:29)\r\n\tat io.cucumber.core.runner.CoreStepDefinition.execute(CoreStepDefinition.java:66)\r\n\tat io.cucumber.core.runner.PickleStepDefinitionMatch.runStep(PickleStepDefinitionMatch.java:63)\r\n\tat io.cucumber.core.runner.ExecutionMode$1.execute(ExecutionMode.java:10)\r\n\tat io.cucumber.core.runner.TestStep.executeStep(TestStep.java:84)\r\n\tat io.cucumber.core.runner.TestStep.run(TestStep.java:56)\r\n\tat io.cucumber.core.runner.PickleStepTestStep.run(PickleStepTestStep.java:51)\r\n\tat io.cucumber.core.runner.TestCase.run(TestCase.java:84)\r\n\tat io.cucumber.core.runner.Runner.runPickle(Runner.java:75)\r\n\tat io.cucumber.junit.PickleRunners$NoStepDescriptions.lambda$run$0(PickleRunners.java:151)\r\n\tat io.cucumber.core.runtime.CucumberExecutionContext.lambda$runTestCase$5(CucumberExecutionContext.java:137)\r\n\tat io.cucumber.core.runtime.RethrowingThrowableCollector.executeAndThrow(RethrowingThrowableCollector.java:23)\r\n\tat io.cucumber.core.runtime.CucumberExecutionContext.runTestCase(CucumberExecutionContext.java:137)\r\n\tat io.cucumber.junit.PickleRunners$NoStepDescriptions.run(PickleRunners.java:148)\r\n\tat io.cucumber.junit.FeatureRunner.runChild(FeatureRunner.java:144)\r\n\tat io.cucumber.junit.FeatureRunner.runChild(FeatureRunner.java:28)\r\n\tat org.junit.runners.ParentRunner$4.run(ParentRunner.java:331)\r\n\tat org.junit.runners.ParentRunner$1.schedule(ParentRunner.java:79)\r\n\tat org.junit.runners.ParentRunner.runChildren(ParentRunner.java:329)\r\n\tat org.junit.runners.ParentRunner.access$100(ParentRunner.java:66)\r\n\tat org.junit.runners.ParentRunner$2.evaluate(ParentRunner.java:293)\r\n\tat org.junit.runners.ParentRunner$3.evaluate(ParentRunner.java:306)\r\n\tat org.junit.runners.ParentRunner.run(ParentRunner.java:413)\r\n\tat io.cucumber.junit.FeatureRunner.run(FeatureRunner.java:137)\r\n\tat io.cucumber.junit.Cucumber.runChild(Cucumber.java:196)\r\n\tat io.cucumber.junit.Cucumber.runChild(Cucumber.java:89)\r\n\tat org.junit.runners.ParentRunner$4.run(ParentRunner.java:331)\r\n\tat org.junit.runners.ParentRunner$1.schedule(ParentRunner.java:79)\r\n\tat org.junit.runners.ParentRunner.runChildren(ParentRunner.java:329)\r\n\tat org.junit.runners.ParentRunner.access$100(ParentRunner.java:66)\r\n\tat org.junit.runners.ParentRunner$2.evaluate(ParentRunner.java:293)\r\n\tat io.cucumber.core.runtime.CucumberExecutionContext.lambda$runFeatures$6(CucumberExecutionContext.java:148)\r\n\tat io.cucumber.core.runtime.CucumberExecutionContext.execute(CucumberExecutionContext.java:163)\r\n\tat io.cucumber.core.runtime.CucumberExecutionContext.runFeatures(CucumberExecutionContext.java:146)\r\n\tat io.cucumber.junit.Cucumber$StartAndFinishTestRun.evaluate(Cucumber.java:226)\r\n\tat org.junit.internal.runners.statements.RunAfters.evaluate(RunAfters.java:27)\r\n\tat org.junit.runners.ParentRunner$3.evaluate(ParentRunner.java:306)\r\n\tat org.junit.runners.ParentRunner.run(ParentRunner.java:413)\r\n\tat org.eclipse.jdt.internal.junit4.runner.JUnit4TestReference.run(JUnit4TestReference.java:86)\r\n\tat org.eclipse.jdt.internal.junit.runner.TestExecution.run(TestExecution.java:38)\r\n\tat org.eclipse.jdt.internal.junit.runner.RemoteTestRunner.runTests(RemoteTestRunner.java:538)\r\n\tat org.eclipse.jdt.internal.junit.runner.RemoteTestRunner.runTests(RemoteTestRunner.java:760)\r\n\tat org.eclipse.jdt.internal.junit.runner.RemoteTestRunner.run(RemoteTestRunner.java:460)\r\n\tat org.eclipse.jdt.internal.junit.runner.RemoteTestRunner.main(RemoteTestRunner.java:206)\r\n","duration":46238000000,"status":"failed"},"line":32,"name":"User should verify the error message after search hotel \"Please select state\",\"Please select city\",\"Please select Check-in date\",\"Please select Check-out date\",\"Please select no. of rooms\" and \"Please select no. of adults\"","match":{"arguments":[{"val":"\"Please select state\"","offset":56},{"val":"\"Please select city\"","offset":78},{"val":"\"Please select Check-in date\"","offset":99},{"val":"\"Please select Check-out date\"","offset":129},{"val":"\"Please select no. of rooms\"","offset":160},{"val":"\"Please select no. of adults\"","offset":193}],"location":"com.omrbranch.stepdefinition.TC2_ExploreStep.userShouldVerifyTheErrorMessageAfterSearchHotelAnd(java.lang.String,java.lang.String,java.lang.String,java.lang.String,java.lang.String,java.lang.String)"},"keyword":"Then "}],"tags":[{"name":"@explore"}]},{"start_timestamp":"2023-08-04T10:59:30.721Z","before":[{"result":{"duration":7696000000,"status":"passed"},"match":{"location":"com.omrbranch.stepdefinition.HooksClass.beforeScenario()"}}],"line":49,"name":"Enter all fields and select all types of room and also verify the select hotel message","description":"","id":"verifying-omr-branch-hotel-explore;enter-all-fields-and-select-all-types-of-room-and-also-verify-the-select-hotel-message;;2","after":[{"result":{"duration":239000000,"status":"passed"},"match":{"location":"com.omrbranch.stepdefinition.HooksClass.afterScenario()"}}],"type":"scenario","keyword":"Scenario Outline","steps":[{"result":{"status":"passed"},"line":40,"name":"User is on the OMRBranch Hotel page","match":{"location":"com.omrbranch.stepdefinition.TC1_LoginStep.userIsOnTheOMRBranchHotelPage()"},"keyword":"Given "},{"result":{"duration":613000000,"status":"passed"},"line":41,"name":"User login using keyboard actions \"boopathy2228@gmail.com\" and \"Unlucky@28\"","match":{"arguments":[{"val":"\"boopathy2228@gmail.com\"","offset":34},{"val":"\"Unlucky@28\"","offset":63}],"location":"com.omrbranch.stepdefinition.TC1_LoginStep.userLoginUsingKeyboardActionsAnd(java.lang.String,java.lang.String)"},"keyword":"When "},{"result":{"duration":6653000000,"status":"passed"},"line":42,"name":"User should verify the success message after login \"Welcome Boopathy\"","match":{"arguments":[{"val":"\"Welcome Boopathy\"","offset":51}],"location":"com.omrbranch.stepdefinition.CommonStep.userShouldVerifyTheSuccessMessageAfterLogin(java.lang.String)"},"keyword":"Then "},{"result":{"error_message":"org.openqa.selenium.StaleElementReferenceException: stale element reference: stale element not found\n  (Session info: chrome=115.0.5790.111)\nFor documentation on this error, please visit: https://www.selenium.dev/documentation/webdriver/troubleshooting/errors#stale-element-reference-exception\nBuild info: version: '4.10.0', revision: 'c14d967899'\nSystem info: os.name: 'Windows 10', os.arch: 'amd64', os.version: '10.0', java.version: '1.8.0_202'\nDriver info: org.openqa.selenium.chrome.ChromeDriver\nCommand: [f26d9635f577b12dff70ad05ba069cd3, clickElement {id=637C9921D233C2EA42342390CFC81122_element_39}]\nCapabilities {acceptInsecureCerts: false, browserName: chrome, browserVersion: 115.0.5790.111, chrome: {chromedriverVersion: 114.0.5735.90 (386bc09e8f4f..., userDataDir: C:\\Users\\Hp\\AppData\\Local\\T...}, goog:chromeOptions: {debuggerAddress: localhost:63674}, networkConnectionEnabled: false, pageLoadStrategy: normal, platformName: windows, proxy: Proxy(), se:cdp: ws://localhost:63674/devtoo..., se:cdpVersion: 115.0.5790.111, setWindowRect: true, strictFileInteractability: false, timeouts: {implicit: 0, pageLoad: 300000, script: 30000}, unhandledPromptBehavior: dismiss and notify, webauthn:extension:credBlob: true, webauthn:extension:largeBlob: true, webauthn:extension:minPinLength: true, webauthn:extension:prf: true, webauthn:virtualAuthenticators: true}\nElement: [[ChromeDriver: chrome on windows (f26d9635f577b12dff70ad05ba069cd3)] -> id: select2-city-container]\nSession ID: f26d9635f577b12dff70ad05ba069cd3\r\n\tat sun.reflect.NativeConstructorAccessorImpl.newInstance0(Native Method)\r\n\tat sun.reflect.NativeConstructorAccessorImpl.newInstance(Unknown Source)\r\n\tat sun.reflect.DelegatingConstructorAccessorImpl.newInstance(Unknown Source)\r\n\tat java.lang.reflect.Constructor.newInstance(Unknown Source)\r\n\tat org.openqa.selenium.remote.codec.w3c.W3CHttpResponseCodec.createException(W3CHttpResponseCodec.java:199)\r\n\tat org.openqa.selenium.remote.codec.w3c.W3CHttpResponseCodec.decode(W3CHttpResponseCodec.java:132)\r\n\tat org.openqa.selenium.remote.codec.w3c.W3CHttpResponseCodec.decode(W3CHttpResponseCodec.java:51)\r\n\tat org.openqa.selenium.remote.HttpCommandExecutor.execute(HttpCommandExecutor.java:191)\r\n\tat org.openqa.selenium.remote.service.DriverCommandExecutor.invokeExecute(DriverCommandExecutor.java:196)\r\n\tat org.openqa.selenium.remote.service.DriverCommandExecutor.execute(DriverCommandExecutor.java:171)\r\n\tat org.openqa.selenium.remote.RemoteWebDriver.execute(RemoteWebDriver.java:531)\r\n\tat org.openqa.selenium.remote.RemoteWebElement.execute(RemoteWebElement.java:242)\r\n\tat org.openqa.selenium.remote.RemoteWebElement.click(RemoteWebElement.java:77)\r\n\tat sun.reflect.NativeMethodAccessorImpl.invoke0(Native Method)\r\n\tat sun.reflect.NativeMethodAccessorImpl.invoke(Unknown Source)\r\n\tat sun.reflect.DelegatingMethodAccessorImpl.invoke(Unknown Source)\r\n\tat java.lang.reflect.Method.invoke(Unknown Source)\r\n\tat org.openqa.selenium.support.pagefactory.internal.LocatingElementHandler.invoke(LocatingElementHandler.java:51)\r\n\tat com.sun.proxy.$Proxy22.click(Unknown Source)\r\n\tat com.omrbranch.base.BaseClass.elementClick(BaseClass.java:258)\r\n\tat com.omrbranch.pages.ExplorePage.exploreHotelPageWithMantodary(ExplorePage.java:201)\r\n\tat com.omrbranch.stepdefinition.TC2_ExploreStep.userEnterTheAnd(TC2_ExploreStep.java:27)\r\n\tat ✽.User enter the \"Tamil Nadu\",\"Chennai\",\"2023-08-30\",\"2023-08-31\",\"3-Three\" and \"5-Five\"(file:///C:/Users/Hp/eclipse-workspace/OMRBranchHotelAutomation/src/test/resources/Features/TC2_ExploreHotel.feature:43)\r\n","duration":13357000000,"status":"failed"},"line":43,"name":"User enter the \"Tamil Nadu\",\"Chennai\",\"2023-08-30\",\"2023-08-31\",\"3-Three\" and \"5-Five\"","match":{"arguments":[{"val":"\"Tamil Nadu\"","offset":15},{"val":"\"Chennai\"","offset":28},{"val":"\"2023-08-30\"","offset":38},{"val":"\"2023-08-31\"","offset":51},{"val":"\"3-Three\"","offset":64},{"val":"\"5-Five\"","offset":78}],"location":"com.omrbranch.stepdefinition.TC2_ExploreStep.userEnterTheAnd(java.lang.String,java.lang.String,java.lang.String,java.lang.String,java.lang.String,java.lang.String)"},"keyword":"When "},{"result":{"status":"skipped"},"line":44,"name":"User should verify the success message after search hotel \"Select Hotel\"","match":{"arguments":[{"val":"\"Select Hotel\"","offset":58}],"location":"com.omrbranch.stepdefinition.CommonStep.userShouldVerifyTheSuccessMessageAfterSearchHotel(java.lang.String)"},"keyword":"Then "},{"result":{"status":"skipped"},"line":45,"name":"User should verify the room type after search hotel \"Standard/Deluxe/Suite/Luxury/Studio\"","match":{"arguments":[{"val":"\"Standard/Deluxe/Suite/Luxury/Studio\"","offset":52}],"location":"com.omrbranch.stepdefinition.TC2_ExploreStep.userShouldVerifyTheRoomTypeAfterSearchHotel(java.lang.String)"},"keyword":"And "}],"tags":[{"name":"@explore"},{"name":"@AllFields"}]}],"name":"Verifying OMR Branch Hotel Explore","description":"","id":"verifying-omr-branch-hotel-explore","keyword":"Feature","uri":"file:src/test/resources/Features/TC2_ExploreHotel.feature","tags":[{"name":"@explore","type":"Tag","location":{"line":1,"column":1}}]}]